


ARM Macro Assembler    Page 1 


    1 00000000                 area             lab2, code, readonly
    2 00000000                 entry
    3 00000000         start
    4 00000000 E3A0100A        mov              r1,#10      ; assigning 10 valu
                                                            e to r1
    5 00000004 E3A02000        mov              r2,#00      ; assigning 0 value
                                                             to r2 for cmp purp
                                                            ose
    6 00000008         
    7 00000008         loop                                 ; aplying loop addi
                                                            tion
    8 00000008 E0822001        add              r2,r2,r1    ; adding r1's value
                                                             one by one to r2 
    9 0000000C E2511001        subs             r1,#01      ; decrementing from
                                                             r1 by 1 value
   10 00000010 1AFFFFFC        bne              loop        ; bne used for comp
                                                            aring previous inst
                                                            ruction value to ze
                                                            ro.if it'll zero,lo
                                                            op automatically st
                                                            opped
   11 00000014 EAFFFFFE 
                       stop    b                stop
   12 00000018                 end
Command Line: --debug --xref --apcs=interwork --depend=.\lab2.d -o.\lab2.o -IC:
\Keil\ARM\RV31\INC -IC:\Keil\ARM\CMSIS\Include -IC:\Keil\ARM\Inc\Philips --pred
efine="__EVAL SETA 1" --list=.\lab2.lst lab2.s



ARM Macro Assembler    Page 1 Alphabetic symbol ordering
Relocatable symbols

lab2 00000000

Symbol: lab2
   Definitions
      At line 1 in file lab2.s
   Uses
      None
Comment: lab2 unused
loop 00000008

Symbol: loop
   Definitions
      At line 7 in file lab2.s
   Uses
      At line 10 in file lab2.s
Comment: loop used once
start 00000000

Symbol: start
   Definitions
      At line 3 in file lab2.s
   Uses
      None
Comment: start unused
stop 00000014

Symbol: stop
   Definitions
      At line 11 in file lab2.s
   Uses
      At line 11 in file lab2.s
Comment: stop used once
4 symbols
335 symbols in table
