


ARM Macro Assembler    Page 1 


    1 00000000                 area             lab1, code, readonly
    2 00000000                 entry                        ; Here: area ,code 
                                                            ,entry and end are 
                                                            the assembler direc
                                                            tive.
    3 00000000         start                                ; Here start and st
                                                            op are label,i.e. i
                                                            t just inform the A
                                                            RM processor about 
                                                            code section.
    4 00000000 E3A0000A        mov              r0,#00010   ; here we're assign
                                                            ing decimal value t
                                                            o register.
    5 00000004 E3A01004        mov              r1,#0004    ; Note: For assigni
                                                            ng hexdec value,ref
                                                            er the demo program
                                                            .
    6 00000008 E0020091        mul              r2,r1,r0
    7 0000000C EAFFFFFE 
                       stop    b                stop
    8 00000010                 end
Command Line: --debug --xref --apcs=interwork --depend=.\lab1.d -o.\lab1.o -IC:
\Keil\ARM\RV31\INC -IC:\Keil\ARM\CMSIS\Include -IC:\Keil\ARM\Inc\Philips --pred
efine="__EVAL SETA 1" --list=.\lab1.lst lab1.s



ARM Macro Assembler    Page 1 Alphabetic symbol ordering
Relocatable symbols

lab1 00000000

Symbol: lab1
   Definitions
      At line 1 in file lab1.s
   Uses
      None
Comment: lab1 unused
start 00000000

Symbol: start
   Definitions
      At line 3 in file lab1.s
   Uses
      None
Comment: start unused
stop 0000000C

Symbol: stop
   Definitions
      At line 7 in file lab1.s
   Uses
      At line 7 in file lab1.s
Comment: stop used once
3 symbols
334 symbols in table
