


ARM Macro Assembler    Page 1 


    1 00000000         ;Write a program to find the square of a number(1 to 10)
                        using lookup table
    2 00000000         
    3 00000000                 AREA             SQUARE, CODE, READONLY
    4 00000000                 ENTRY
    5 00000000 E59F0014        LDR              R0, LOOKUP  ;Get the starting a
                                                            ddress of the looku
                                                            p table
    6 00000004 E59F2014        LDR              R2, RESULT  ;Get the starting a
                                                            ddress of the resul
                                                            t
    7 00000008 E5D01000        LDRB             R1, [R0]    ;Read the input
    8 0000000C E0800001        ADD              R0,R0,R1    ;Calculate the addr
                                                            ess of the output(S
                                                            quare of input) 
    9 00000010 E5D03000        LDRB             R3, [R0]    ;Store the result
   10 00000014 E5C23000        STRB             R3, [R2]    ;stop
   11 00000018 EAFFFFFE 
                       HERE    B                HERE        ;
   12 0000001C         
   13 0000001C 40000000 
                       LOOKUP  DCD              0X40000000
   14 00000020 40000010 
                       RESULT  DCD              0X40000010
   15 00000024         
   16 00000024                 END
Command Line: --debug --xref --apcs=interwork --depend=.\lab5.d -o.\lab5.o -IC:
\Keil\ARM\RV31\INC -IC:\Keil\ARM\CMSIS\Include -IC:\Keil\ARM\Inc\Philips --pred
efine="__EVAL SETA 1" --list=.\lab5.lst lab5.s



ARM Macro Assembler    Page 1 Alphabetic symbol ordering
Relocatable symbols

HERE 00000018

Symbol: HERE
   Definitions
      At line 11 in file lab5.s
   Uses
      At line 11 in file lab5.s
Comment: HERE used once
LOOKUP 0000001C

Symbol: LOOKUP
   Definitions
      At line 13 in file lab5.s
   Uses
      At line 5 in file lab5.s
Comment: LOOKUP used once
RESULT 00000020

Symbol: RESULT
   Definitions
      At line 14 in file lab5.s
   Uses
      At line 6 in file lab5.s
Comment: RESULT used once
SQUARE 00000000

Symbol: SQUARE
   Definitions
      At line 3 in file lab5.s
   Uses
      None
Comment: SQUARE unused
4 symbols
335 symbols in table
