


ARM Macro Assembler    Page 1 


    1 00000000                 AREA             SORT, CODE, READONLY
    2 00000000                 ENTRY
    3 00000000 E3A05005        MOV              R5,#5       ; N-1 PASSES
    4 00000004         
    5 00000004 E59F0034 
                       NXTPASS LDR              R0, = Array
    6 00000008 E1A04005        MOV              R4, R5      ; N-1 COMPARISON
    7 0000000C         
    8 0000000C E5902000 
                       NXTCOMP LDR              R2, [R0]    ;READ FIRST NUMBER
    9 00000010 E1A01002        MOV              R1, R2      ;SAVE IT IN R1
   10 00000014 E2800004        ADD              R0, #4      ;UPDATE THE POINTER
                                                            
   11 00000018 E5902000        LDR              R2, [R0]    ;READ SECOND NUMBER
                                                            
   12 0000001C E1510002        CMP              R1, R2      ;COMPARE 1ST NUM WI
                                                            TH 2ND NUM
   13 00000020 9A000001        BLS              NOEXG       ;IF 1ST NUM< 2ND NU
                                                            M,THEN  NOT REQUIRE
                                                            D
   14 00000024 E4001004        STR              R1, [R0], #-4 ;EXCHANGE THE NUM
                                                            BER
   15 00000028 E4802004        STR              R2, [R0], #4
   16 0000002C         
   17 0000002C E2544001 
                       NOEXG   SUBS             R4, #1      ;DECREMENT NUMBER O
                                                            F COMPOARISON
   18 00000030 1AFFFFF5        BNE              NXTCOMP
   19 00000034 E2555001        SUBS             R5, #1      ;DECREMENT NUMBER O
                                                            F PASSES
   20 00000038 1AFFFFF1        BNE              NXTPASS
   21 0000003C         
   22 0000003C EAFFFFFE 
                       STOP    B                STOP
   23 00000040         
   24 00000040 00000000        AREA             WRITEDATA, DATA, READWRITE
   25 00000000 40000000 
                       Array   DCD              0X40000000
   26 00000004                 END
Command Line: --debug --xref --apcs=interwork --depend=.\lab7.d -o.\lab7.o -IC:
\Keil\ARM\RV31\INC -IC:\Keil\ARM\CMSIS\Include -IC:\Keil\ARM\Inc\Philips --pred
efine="__EVAL SETA 1" --list=.\lab7.lst lab7.s



ARM Macro Assembler    Page 1 Alphabetic symbol ordering
Relocatable symbols

NOEXG 0000002C

Symbol: NOEXG
   Definitions
      At line 17 in file lab7.s
   Uses
      At line 13 in file lab7.s
Comment: NOEXG used once
NXTCOMP 0000000C

Symbol: NXTCOMP
   Definitions
      At line 8 in file lab7.s
   Uses
      At line 18 in file lab7.s
Comment: NXTCOMP used once
NXTPASS 00000004

Symbol: NXTPASS
   Definitions
      At line 5 in file lab7.s
   Uses
      At line 20 in file lab7.s
Comment: NXTPASS used once
SORT 00000000

Symbol: SORT
   Definitions
      At line 1 in file lab7.s
   Uses
      None
Comment: SORT unused
STOP 0000003C

Symbol: STOP
   Definitions
      At line 22 in file lab7.s
   Uses
      At line 22 in file lab7.s
Comment: STOP used once
5 symbols



ARM Macro Assembler    Page 1 Alphabetic symbol ordering
Relocatable symbols

Array 00000000

Symbol: Array
   Definitions
      At line 25 in file lab7.s
   Uses
      At line 5 in file lab7.s
Comment: Array used once
WRITEDATA 00000000

Symbol: WRITEDATA
   Definitions
      At line 24 in file lab7.s
   Uses
      None
Comment: WRITEDATA unused
2 symbols
340 symbols in table
