


ARM Macro Assembler    Page 1 


    1 00000000         ;Write a program to find the largest/smallest number in 
                       an array of 32 bit numbers.
    2 00000000         
    3 00000000                 AREA             LARGER, CODE, READONLY
    4 00000000                 ENTRY
    5 00000000 E3A05005        MOV              R5, #5      ;number of comparis
                                                            on(n-1) 
    6 00000004 E59F0024        LDR              R0, ARR     ; get the starting 
                                                            address of the arra
                                                            y
    7 00000008 E5902000        LDR              R2, [R0]    ; read first number
                                                            
    8 0000000C E2800004 
                       NEXT    ADD              R0, #4      ; update the pointe
                                                            r by 4
    9 00000010 E5903000        LDR              R3, [R0]    ; read the second n
                                                            umber
   10 00000014 E1520003        CMP              R2, R3      ; compare first num
                                                            ber(R2) to second n
                                                            umber(R3)
   11 00000018 2A000000        BHS              LARGE       ; Unsigned higher o
                                                            r same
   12 0000001C E1A02003        MOV              R2, R3
   13 00000020 E2555001 
                       LARGE   SUBS             R5, #1      ; decrement compris
                                                            on counter
   14 00000024 1AFFFFF8        BNE              NEXT
   15 00000028 E59F1004        LDR              R1, RES     ; get the address o
                                                            f the result
   16 0000002C E5812000        STR              R2, [R1]    ; store the result
   17 00000030         
   18 00000030 40000000 
                       ARR     DCD              0X40000000
   19 00000034 40000020 
                       RES     DCD              0X40000020
   20 00000038                 END
Command Line: --debug --xref --apcs=interwork --depend=.\lab6.d -o.\lab6.o -IC:
\Keil\ARM\RV31\INC -IC:\Keil\ARM\CMSIS\Include -IC:\Keil\ARM\Inc\Philips --pred
efine="__EVAL SETA 1" --list=.\lab6.lst lab6.s



ARM Macro Assembler    Page 1 Alphabetic symbol ordering
Relocatable symbols

ARR 00000030

Symbol: ARR
   Definitions
      At line 18 in file lab6.s
   Uses
      At line 6 in file lab6.s
Comment: ARR used once
LARGE 00000020

Symbol: LARGE
   Definitions
      At line 13 in file lab6.s
   Uses
      At line 11 in file lab6.s
Comment: LARGE used once
LARGER 00000000

Symbol: LARGER
   Definitions
      At line 3 in file lab6.s
   Uses
      None
Comment: LARGER unused
NEXT 0000000C

Symbol: NEXT
   Definitions
      At line 8 in file lab6.s
   Uses
      At line 14 in file lab6.s
Comment: NEXT used once
RES 00000034

Symbol: RES
   Definitions
      At line 19 in file lab6.s
   Uses
      At line 15 in file lab6.s
Comment: RES used once
5 symbols
336 symbols in table
